{"numFailedTestSuites":0,"numFailedTests":0,"numPassedTestSuites":1,"numPassedTests":2,"numPendingTestSuites":0,"numPendingTests":0,"numRuntimeErrorTestSuites":0,"numTodoTests":0,"numTotalTestSuites":1,"numTotalTests":2,"openHandles":[],"snapshot":{"added":0,"didUpdate":false,"failure":false,"filesAdded":0,"filesRemoved":0,"filesUnmatched":0,"filesUpdated":0,"matched":0,"total":0,"unchecked":0,"uncheckedKeysByFile":[],"unmatched":0,"updated":0},"startTime":1561615734434,"success":true,"testResults":[{"assertionResults":[{"ancestorTitles":["all"],"failureMessages":[],"fullName":"all input","location":null,"status":"passed","title":"input"},{"ancestorTitles":["all"],"failureMessages":[],"fullName":"all demo","location":null,"status":"passed","title":"demo"}],"endTime":1561615738682,"message":"","name":"D:\\project-demo\\yarn-workspaces-demo\\stories\\p1\\p1.test.tsx","startTime":1561615736226,"status":"passed","summary":""}],"wasInterrupted":false,"coverageMap":{}}