{"numFailedTestSuites":0,"numFailedTests":0,"numPassedTestSuites":1,"numPassedTests":1,"numPendingTestSuites":0,"numPendingTests":0,"numRuntimeErrorTestSuites":0,"numTodoTests":0,"numTotalTestSuites":1,"numTotalTests":1,"openHandles":[],"snapshot":{"added":0,"didUpdate":false,"failure":false,"filesAdded":0,"filesRemoved":0,"filesUnmatched":0,"filesUpdated":0,"matched":0,"total":0,"unchecked":0,"uncheckedKeysByFile":[],"unmatched":0,"updated":0},"startTime":1563586135392,"success":true,"testResults":[{"assertionResults":[{"ancestorTitles":["all"],"failureMessages":[],"fullName":"all input","location":null,"status":"passed","title":"input"}],"endTime":1563586140215,"message":"","name":"D:\\project-demo\\yarn-workspaces-demo\\stories\\p1\\p1.test.tsx","startTime":1563586137480,"status":"passed","summary":""}],"wasInterrupted":false,"coverageMap":{"D:\\project-demo\\yarn-workspaces-demo\\packages\\p1\\src\\index.tsx":{"path":"D:\\project-demo\\yarn-workspaces-demo\\packages\\p1\\src\\index.tsx","statementMap":{"0":{"start":{"line":1,"column":0},"end":{"line":1,"column":31}},"1":{"start":{"line":2,"column":0},"end":{"line":2,"column":30}},"2":{"start":{"line":4,"column":0},"end":{"line":4,"column":28}},"3":{"start":{"line":10,"column":44},"end":{"line":27,"column":1}},"4":{"start":{"line":11,"column":8},"end":{"line":11,"column":9}},"5":{"start":{"line":11,"column":9},"end":{"line":11,"column":14}},"6":{"start":{"line":11,"column":16},"end":{"line":11,"column":55}},"7":{"start":{"line":12,"column":20},"end":{"line":14,"column":3}},"8":{"start":{"line":13,"column":4},"end":{"line":13,"column":null}},"9":{"start":{"line":15,"column":2},"end":{"line":26,"column":null}},"10":{"start":{"line":29,"column":0},"end":{"line":29,"column":null}}},"fnMap":{"0":{"name":"(anonymous_3)","decl":{"start":{"line":10,"column":44},"end":{"line":10,"column":45}},"loc":{"start":{"line":10,"column":50},"end":{"line":27,"column":1}}},"1":{"name":"(anonymous_4)","decl":{"start":{"line":12,"column":20},"end":{"line":12,"column":null}},"loc":{"start":{"line":12,"column":20},"end":{"line":14,"column":3}}}},"branchMap":{},"s":{"0":1,"1":1,"2":1,"3":1,"4":2,"5":2,"6":2,"7":2,"8":1,"9":2,"10":1},"f":{"0":2,"1":1},"b":{}}}}